\BOOKMARK [0][-]{chapter.1}{Primitive Types}{}% 1
\BOOKMARK [1][-]{section.1.1}{string}{chapter.1}% 2
\BOOKMARK [1][-]{section.1.2}{functions}{chapter.1}% 3
\BOOKMARK [0][-]{chapter.2}{Classes}{}% 4
\BOOKMARK [1][-]{section.2.1}{Initialization}{chapter.2}% 5
\BOOKMARK [1][-]{section.2.2}{Constructors}{chapter.2}% 6
\BOOKMARK [2][-]{subsection.2.2.1}{Defualt Constructor}{section.2.2}% 7
\BOOKMARK [2][-]{subsection.2.2.2}{Converting constructor}{section.2.2}% 8
\BOOKMARK [1][-]{section.2.3}{Destructors}{chapter.2}% 9
\BOOKMARK [2][-]{subsection.2.3.1}{Virtual Destructor}{section.2.3}% 10
\BOOKMARK [1][-]{section.2.4}{Inheritance}{chapter.2}% 11
\BOOKMARK [1][-]{section.2.5}{Abstract Classes}{chapter.2}% 12
\BOOKMARK [2][-]{subsection.2.5.1}{virtual keyword.}{section.2.5}% 13
\BOOKMARK [2][-]{subsection.2.5.2}{Virtual Functions}{section.2.5}% 14
\BOOKMARK [2][-]{subsection.2.5.3}{Pure Virtual Functions}{section.2.5}% 15
\BOOKMARK [2][-]{subsection.2.5.4}{Can virtual functions be private in C++?}{section.2.5}% 16
\BOOKMARK [1][-]{section.2.6}{const keyword on member functions \(methods\) and constructor functions \(methods\)}{chapter.2}% 17
\BOOKMARK [1][-]{section.2.7}{Class Scope Identifier in Function Identifier}{chapter.2}% 18
\BOOKMARK [1][-]{section.2.8}{static keyword}{chapter.2}% 19
\BOOKMARK [2][-]{subsection.2.8.1}{Memory Duration}{section.2.8}% 20
\BOOKMARK [2][-]{subsection.2.8.2}{Memeber Variable}{section.2.8}% 21
\BOOKMARK [0][-]{chapter.3}{Streams}{}% 22
